<?xml version="1.0" encoding="utf-8"?><testsuites name="pytest tests"><testsuite name="pytest" errors="0" failures="0" skipped="0" tests="19" time="5.657" timestamp="2026-08-21T13:34:42.077065+00:00" hostname="agent-env-ab2e7e7f-c0cb-4dc6-b58f-e14f540579ca"><testcase classname="backend.tests.test_diag_and_character.TestDiagHealth" name="test_health_public" time="0.486" /><testcase classname="backend.tests.test_diag_and_character.TestDiagSeed" name="test_seed_requires_auth" time="0.249" /><testcase classname="backend.tests.test_diag_and_character.TestDiagSeed" name="test_seed_idempotent_with_admin" time="0.406" /><testcase classname="backend.tests.test_diag_and_character.TestDiagSeed" name="test_seed_get_not_allowed" time="0.182" /><testcase classname="backend.tests.test_diag_and_character.TestPatchCharacter" name="test_patch_requires_auth" time="0.273" /><testcase classname="backend.tests.test_diag_and_character.TestPatchCharacter" name="test_patch_partial_allowed_fields" time="0.817" /><testcase classname="backend.tests.test_diag_and_character.TestPatchCharacter" name="test_patch_unknown_field_rejected" time="0.139" /><testcase classname="backend.tests.test_diag_and_character.TestPatchCharacter" name="test_patch_unknown_fields_silently_dropped_when_mixed" time="0.183" /><testcase classname="backend.tests.test_diag_and_character.TestPutCharacterAuth" name="test_put_without_auth_401" time="0.189" /><testcase classname="backend.tests.test_diag_and_character.TestRegressionSmoke" name="test_character_public" time="0.146" /><testcase classname="backend.tests.test_diag_and_character.TestRegressionSmoke" name="test_gallery_public" time="0.177" /><testcase classname="backend.tests.test_diag_and_character.TestRegressionSmoke" name="test_links_public" time="0.138" /><testcase classname="backend.tests.test_diag_and_character.TestRegressionSmoke" name="test_fanart_public_approved_only" time="0.160" /><testcase classname="backend.tests.test_diag_and_character.TestRegressionSmoke" name="test_design_public" time="0.228" /><testcase classname="backend.tests.test_diag_and_character.TestRegressionSmoke" name="test_credits_public" time="0.194" /><testcase classname="backend.tests.test_diag_and_character.TestRegressionSmoke" name="test_merch_public" time="1.129" /><testcase classname="backend.tests.test_diag_and_character.TestRegressionSmoke" name="test_site_settings_public" time="0.166" /><testcase classname="backend.tests.test_diag_and_character.TestRegressionSmoke" name="test_brand_admin_only" time="0.157" /><testcase classname="backend.tests.test_diag_and_character.TestRegressionSmoke" name="test_licenses_admin_only" time="0.164" /></testsuite></testsuites>