<?xml version="1.0" encoding="utf-8"?><testsuites name="pytest tests"><testsuite name="pytest" errors="0" failures="0" skipped="0" tests="19" time="2.560" timestamp="2026-08-23T09:01:29.976259+00:00" hostname="agent-env-ab2e7e7f-c0cb-4dc6-b58f-e14f540579ca"><testcase classname="backend.tests.test_diag_and_character.TestDiagHealth" name="test_health_public" time="0.153" /><testcase classname="backend.tests.test_diag_and_character.TestDiagSeed" name="test_seed_requires_auth" time="0.118" /><testcase classname="backend.tests.test_diag_and_character.TestDiagSeed" name="test_seed_idempotent_with_admin" time="0.206" /><testcase classname="backend.tests.test_diag_and_character.TestDiagSeed" name="test_seed_get_not_allowed" time="0.098" /><testcase classname="backend.tests.test_diag_and_character.TestPatchCharacter" name="test_patch_requires_auth" time="0.092" /><testcase classname="backend.tests.test_diag_and_character.TestPatchCharacter" name="test_patch_partial_allowed_fields" time="0.417" /><testcase classname="backend.tests.test_diag_and_character.TestPatchCharacter" name="test_patch_unknown_field_rejected" time="0.103" /><testcase classname="backend.tests.test_diag_and_character.TestPatchCharacter" name="test_patch_unknown_fields_silently_dropped_when_mixed" time="0.101" /><testcase classname="backend.tests.test_diag_and_character.TestPutCharacterAuth" name="test_put_without_auth_401" time="0.096" /><testcase classname="backend.tests.test_diag_and_character.TestRegressionSmoke" name="test_character_public" time="0.100" /><testcase classname="backend.tests.test_diag_and_character.TestRegressionSmoke" name="test_gallery_public" time="0.096" /><testcase classname="backend.tests.test_diag_and_character.TestRegressionSmoke" name="test_links_public" time="0.100" /><testcase classname="backend.tests.test_diag_and_character.TestRegressionSmoke" name="test_fanart_public_approved_only" time="0.098" /><testcase classname="backend.tests.test_diag_and_character.TestRegressionSmoke" name="test_design_public" time="0.094" /><testcase classname="backend.tests.test_diag_and_character.TestRegressionSmoke" name="test_credits_public" time="0.095" /><testcase classname="backend.tests.test_diag_and_character.TestRegressionSmoke" name="test_merch_public" time="0.194" /><testcase classname="backend.tests.test_diag_and_character.TestRegressionSmoke" name="test_site_settings_public" time="0.097" /><testcase classname="backend.tests.test_diag_and_character.TestRegressionSmoke" name="test_brand_admin_only" time="0.133" /><testcase classname="backend.tests.test_diag_and_character.TestRegressionSmoke" name="test_licenses_admin_only" time="0.102" /></testsuite></testsuites>