<?xml version="1.0" encoding="utf-8"?><testsuites name="pytest tests"><testsuite name="pytest" errors="0" failures="0" skipped="0" tests="21" time="4.025" timestamp="2026-04-29T21:08:47.998666+00:00" hostname="agent-env-ab2e7e7f-c0cb-4dc6-b58f-e14f540579ca"><testcase classname="backend.tests.test_fanart_design.TestFanartSubmit" name="test_submit_requires_title" time="0.190" /><testcase classname="backend.tests.test_fanart_design.TestFanartSubmit" name="test_submit_requires_image_url" time="0.085" /><testcase classname="backend.tests.test_fanart_design.TestFanartSubmit" name="test_submit_requires_submitter_name" time="0.077" /><testcase classname="backend.tests.test_fanart_design.TestFanartSubmit" name="test_submit_public_creates_pending" time="0.307" /><testcase classname="backend.tests.test_fanart_design.TestFanartList" name="test_public_list_defaults_approved_only" time="0.216" /><testcase classname="backend.tests.test_fanart_design.TestFanartList" name="test_public_cannot_override_status" time="0.218" /><testcase classname="backend.tests.test_fanart_design.TestFanartList" name="test_admin_status_all" time="0.457" /><testcase classname="backend.tests.test_fanart_design.TestFanartReview" name="test_patch_requires_auth" time="0.075" /><testcase classname="backend.tests.test_fanart_design.TestFanartReview" name="test_patch_invalid_status" time="0.215" /><testcase classname="backend.tests.test_fanart_design.TestFanartReview" name="test_approve_reject_cycle" time="0.504" /><testcase classname="backend.tests.test_fanart_design.TestFanartReview" name="test_patch_404_missing" time="0.075" /><testcase classname="backend.tests.test_fanart_design.TestFanartDelete" name="test_delete_requires_auth" time="0.073" /><testcase classname="backend.tests.test_fanart_design.TestFanartDelete" name="test_soft_delete_removes_from_admin_list" time="0.216" /><testcase classname="backend.tests.test_fanart_design.TestDesignReorder" name="test_reorder_requires_auth" time="0.071" /><testcase classname="backend.tests.test_fanart_design.TestDesignReorder" name="test_reorder_route_not_shadowed" time="0.073" /><testcase classname="backend.tests.test_fanart_design.TestDesignReorder" name="test_reorder_updates_display_order" time="0.606" /><testcase classname="backend.tests.test_fanart_design.TestDesignReorder" name="test_reorder_rejects_non_list" time="0.082" /><testcase classname="backend.tests.test_fanart_design.TestRegression" name="test_credits_public" time="0.082" /><testcase classname="backend.tests.test_fanart_design.TestRegression" name="test_gallery_public_list" time="0.076" /><testcase classname="backend.tests.test_fanart_design.TestRegression" name="test_merch_public" time="0.174" /><testcase classname="backend.tests.test_fanart_design.TestRegression" name="test_debut_password_gate" time="0.080" /></testsuite></testsuites>