<?xml version="1.0" encoding="utf-8"?><testsuites name="pytest tests"><testsuite name="pytest" errors="0" failures="0" skipped="0" tests="17" time="2.216" timestamp="2026-04-22T03:18:50.104176+00:00" hostname="agent-env-ab2e7e7f-c0cb-4dc6-b58f-e14f540579ca"><testcase classname="backend.tests.test_commissions" name="test_auth_invalid_password" time="0.156" /><testcase classname="backend.tests.test_commissions" name="test_auth_valid" time="0.044" /><testcase classname="backend.tests.test_commissions" name="test_list_public_only_without_token" time="0.048" /><testcase classname="backend.tests.test_commissions" name="test_list_with_token_returns_all" time="0.142" /><testcase classname="backend.tests.test_commissions" name="test_post_requires_auth" time="0.045" /><testcase classname="backend.tests.test_commissions" name="test_put_requires_auth" time="0.047" /><testcase classname="backend.tests.test_commissions" name="test_delete_requires_auth" time="0.046" /><testcase classname="backend.tests.test_commissions" name="test_create_default_unpaid_when_no_payments" time="0.146" /><testcase classname="backend.tests.test_commissions" name="test_create_partial" time="0.099" /><testcase classname="backend.tests.test_commissions" name="test_create_paid" time="0.091" /><testcase classname="backend.tests.test_commissions" name="test_create_explicit_payment_status_preserved" time="0.091" /><testcase classname="backend.tests.test_commissions" name="test_update_and_persistence" time="0.186" /><testcase classname="backend.tests.test_commissions" name="test_delete_soft" time="0.195" /><testcase classname="backend.tests.test_commissions" name="test_update_404_for_missing" time="0.046" /><testcase classname="backend.tests.test_commissions" name="test_filters_full" time="0.664" /><testcase classname="backend.tests.test_commissions" name="test_stats_public_scope" time="0.045" /><testcase classname="backend.tests.test_commissions" name="test_stats_admin_scope" time="0.051" /></testsuite></testsuites>